<?xml version="1.0" encoding="UTF-8"?>
<testng-results skipped="3" failed="3" ignored="1" total="12" passed="5">
  <reporter-output>
  </reporter-output>
  <suite name="QHL App Test suite" duration-ms="90616" started-at="2021-05-19T10:19:11Z" finished-at="2021-05-19T10:20:42Z">
    <groups>
    </groups>
    <test name="All Test" duration-ms="90616" started-at="2021-05-19T10:19:11Z" finished-at="2021-05-19T10:20:42Z">
      <class name="com.qhl.testcases.ForgotPasswordTest">
        <test-method status="PASS" signature="setup()[pri:0, instance:com.qhl.testcases.ForgotPasswordTest@56aac163]" name="setup" is-config="true" duration-ms="27541" started-at="2021-05-19T10:19:41Z" finished-at="2021-05-19T10:20:08Z">
          <reporter-output>
          </reporter-output>
        </test-method> <!-- setup -->
        <test-method status="FAIL" signature="forgot_password01()[pri:1, instance:com.qhl.testcases.ForgotPasswordTest@56aac163]" name="forgot_password01" duration-ms="10" started-at="2021-05-19T10:20:08Z" finished-at="2021-05-19T10:20:08Z">
          <exception class="java.lang.NullPointerException">
            <full-stacktrace>
              <![CDATA[java.lang.NullPointerException
at com.qhl.testcases.ForgotPasswordTest.forgot_password01(ForgotPasswordTest.java:44)
at sun.reflect.NativeMethodAccessorImpl.invoke0(Native Method)
at sun.reflect.NativeMethodAccessorImpl.invoke(Unknown Source)
at sun.reflect.DelegatingMethodAccessorImpl.invoke(Unknown Source)
at java.lang.reflect.Method.invoke(Unknown Source)
at org.testng.internal.MethodInvocationHelper.invokeMethod(MethodInvocationHelper.java:124)
at org.testng.internal.Invoker.invokeMethod(Invoker.java:583)
at org.testng.internal.Invoker.invokeTestMethod(Invoker.java:719)
at org.testng.internal.Invoker.invokeTestMethods(Invoker.java:989)
at org.testng.internal.TestMethodWorker.invokeTestMethods(TestMethodWorker.java:125)
at org.testng.internal.TestMethodWorker.run(TestMethodWorker.java:109)
at org.testng.TestRunner.privateRun(TestRunner.java:648)
at org.testng.TestRunner.run(TestRunner.java:505)
at org.testng.SuiteRunner.runTest(SuiteRunner.java:455)
at org.testng.SuiteRunner.access$000(SuiteRunner.java:40)
at org.testng.SuiteRunner$SuiteWorker.run(SuiteRunner.java:489)
at org.testng.internal.thread.ThreadUtil$1.call(ThreadUtil.java:52)
at java.util.concurrent.FutureTask.run(Unknown Source)
at java.util.concurrent.ThreadPoolExecutor.runWorker(Unknown Source)
at java.util.concurrent.ThreadPoolExecutor$Worker.run(Unknown Source)
at java.lang.Thread.run(Unknown Source)
]]>
            </full-stacktrace>
          </exception> <!-- java.lang.NullPointerException -->
          <reporter-output>
          </reporter-output>
        </test-method> <!-- forgot_password01 -->
        <test-method status="FAIL" signature="killapk(org.testng.ITestResult)[pri:0, instance:com.qhl.testcases.ForgotPasswordTest@56aac163]" name="killapk" is-config="true" duration-ms="2264" started-at="2021-05-19T10:20:08Z" finished-at="2021-05-19T10:20:11Z">
          <params>
            <param index="0">
              <value>
                <![CDATA[[TestResult name=forgot_password01 status=FAILURE method=ForgotPasswordTest.forgot_password01()[pri:1, instance:com.qhl.testcases.ForgotPasswordTest@56aac163] output={null}]]]>
              </value>
            </param>
          </params>
          <exception class="java.lang.NullPointerException">
            <full-stacktrace>
              <![CDATA[java.lang.NullPointerException
at com.qhl.base.Apputil.am(Apputil.java:183)
at com.qhl.testcases.ForgotPasswordTest.killapk(ForgotPasswordTest.java:38)
at sun.reflect.NativeMethodAccessorImpl.invoke0(Native Method)
at sun.reflect.NativeMethodAccessorImpl.invoke(Unknown Source)
at sun.reflect.DelegatingMethodAccessorImpl.invoke(Unknown Source)
at java.lang.reflect.Method.invoke(Unknown Source)
at org.testng.internal.MethodInvocationHelper.invokeMethod(MethodInvocationHelper.java:124)
at org.testng.internal.MethodInvocationHelper.invokeMethodConsideringTimeout(MethodInvocationHelper.java:59)
at org.testng.internal.Invoker.invokeConfigurationMethod(Invoker.java:458)
at org.testng.internal.Invoker.invokeConfigurations(Invoker.java:222)
at org.testng.internal.Invoker.invokeMethod(Invoker.java:646)
at org.testng.internal.Invoker.invokeTestMethod(Invoker.java:719)
at org.testng.internal.Invoker.invokeTestMethods(Invoker.java:989)
at org.testng.internal.TestMethodWorker.invokeTestMethods(TestMethodWorker.java:125)
at org.testng.internal.TestMethodWorker.run(TestMethodWorker.java:109)
at org.testng.TestRunner.privateRun(TestRunner.java:648)
at org.testng.TestRunner.run(TestRunner.java:505)
at org.testng.SuiteRunner.runTest(SuiteRunner.java:455)
at org.testng.SuiteRunner.access$000(SuiteRunner.java:40)
at org.testng.SuiteRunner$SuiteWorker.run(SuiteRunner.java:489)
at org.testng.internal.thread.ThreadUtil$1.call(ThreadUtil.java:52)
at java.util.concurrent.FutureTask.run(Unknown Source)
at java.util.concurrent.ThreadPoolExecutor.runWorker(Unknown Source)
at java.util.concurrent.ThreadPoolExecutor$Worker.run(Unknown Source)
at java.lang.Thread.run(Unknown Source)
]]>
            </full-stacktrace>
          </exception> <!-- java.lang.NullPointerException -->
          <reporter-output>
          </reporter-output>
        </test-method> <!-- killapk -->
        <test-method status="SKIP" signature="forgot_password02()[pri:2, instance:com.qhl.testcases.ForgotPasswordTest@56aac163]" name="forgot_password02" duration-ms="0" started-at="2021-05-19T10:20:11Z" finished-at="2021-05-19T10:20:11Z">
          <exception class="java.lang.NullPointerException">
            <full-stacktrace>
              <![CDATA[java.lang.NullPointerException
at com.qhl.base.Apputil.am(Apputil.java:183)
at com.qhl.testcases.ForgotPasswordTest.killapk(ForgotPasswordTest.java:38)
at sun.reflect.NativeMethodAccessorImpl.invoke0(Native Method)
at sun.reflect.NativeMethodAccessorImpl.invoke(Unknown Source)
at sun.reflect.DelegatingMethodAccessorImpl.invoke(Unknown Source)
at java.lang.reflect.Method.invoke(Unknown Source)
at org.testng.internal.MethodInvocationHelper.invokeMethod(MethodInvocationHelper.java:124)
at org.testng.internal.MethodInvocationHelper.invokeMethodConsideringTimeout(MethodInvocationHelper.java:59)
at org.testng.internal.Invoker.invokeConfigurationMethod(Invoker.java:458)
at org.testng.internal.Invoker.invokeConfigurations(Invoker.java:222)
at org.testng.internal.Invoker.invokeMethod(Invoker.java:646)
at org.testng.internal.Invoker.invokeTestMethod(Invoker.java:719)
at org.testng.internal.Invoker.invokeTestMethods(Invoker.java:989)
at org.testng.internal.TestMethodWorker.invokeTestMethods(TestMethodWorker.java:125)
at org.testng.internal.TestMethodWorker.run(TestMethodWorker.java:109)
at org.testng.TestRunner.privateRun(TestRunner.java:648)
at org.testng.TestRunner.run(TestRunner.java:505)
at org.testng.SuiteRunner.runTest(SuiteRunner.java:455)
at org.testng.SuiteRunner.access$000(SuiteRunner.java:40)
at org.testng.SuiteRunner$SuiteWorker.run(SuiteRunner.java:489)
at org.testng.internal.thread.ThreadUtil$1.call(ThreadUtil.java:52)
at java.util.concurrent.FutureTask.run(Unknown Source)
at java.util.concurrent.ThreadPoolExecutor.runWorker(Unknown Source)
at java.util.concurrent.ThreadPoolExecutor$Worker.run(Unknown Source)
at java.lang.Thread.run(Unknown Source)
]]>
            </full-stacktrace>
          </exception> <!-- java.lang.NullPointerException -->
          <reporter-output>
          </reporter-output>
        </test-method> <!-- forgot_password02 -->
        <test-method status="SKIP" signature="killapk(org.testng.ITestResult)[pri:0, instance:com.qhl.testcases.ForgotPasswordTest@56aac163]" name="killapk" is-config="true" duration-ms="0" started-at="2021-05-19T10:20:11Z" finished-at="2021-05-19T10:20:11Z">
          <reporter-output>
          </reporter-output>
        </test-method> <!-- killapk -->
        <test-method status="SKIP" signature="forgot_password03()[pri:3, instance:com.qhl.testcases.ForgotPasswordTest@56aac163]" name="forgot_password03" duration-ms="0" started-at="2021-05-19T10:20:11Z" finished-at="2021-05-19T10:20:11Z">
          <exception class="java.lang.NullPointerException">
            <full-stacktrace>
              <![CDATA[java.lang.NullPointerException
at com.qhl.base.Apputil.am(Apputil.java:183)
at com.qhl.testcases.ForgotPasswordTest.killapk(ForgotPasswordTest.java:38)
at sun.reflect.NativeMethodAccessorImpl.invoke0(Native Method)
at sun.reflect.NativeMethodAccessorImpl.invoke(Unknown Source)
at sun.reflect.DelegatingMethodAccessorImpl.invoke(Unknown Source)
at java.lang.reflect.Method.invoke(Unknown Source)
at org.testng.internal.MethodInvocationHelper.invokeMethod(MethodInvocationHelper.java:124)
at org.testng.internal.MethodInvocationHelper.invokeMethodConsideringTimeout(MethodInvocationHelper.java:59)
at org.testng.internal.Invoker.invokeConfigurationMethod(Invoker.java:458)
at org.testng.internal.Invoker.invokeConfigurations(Invoker.java:222)
at org.testng.internal.Invoker.invokeMethod(Invoker.java:646)
at org.testng.internal.Invoker.invokeTestMethod(Invoker.java:719)
at org.testng.internal.Invoker.invokeTestMethods(Invoker.java:989)
at org.testng.internal.TestMethodWorker.invokeTestMethods(TestMethodWorker.java:125)
at org.testng.internal.TestMethodWorker.run(TestMethodWorker.java:109)
at org.testng.TestRunner.privateRun(TestRunner.java:648)
at org.testng.TestRunner.run(TestRunner.java:505)
at org.testng.SuiteRunner.runTest(SuiteRunner.java:455)
at org.testng.SuiteRunner.access$000(SuiteRunner.java:40)
at org.testng.SuiteRunner$SuiteWorker.run(SuiteRunner.java:489)
at org.testng.internal.thread.ThreadUtil$1.call(ThreadUtil.java:52)
at java.util.concurrent.FutureTask.run(Unknown Source)
at java.util.concurrent.ThreadPoolExecutor.runWorker(Unknown Source)
at java.util.concurrent.ThreadPoolExecutor$Worker.run(Unknown Source)
at java.lang.Thread.run(Unknown Source)
]]>
            </full-stacktrace>
          </exception> <!-- java.lang.NullPointerException -->
          <reporter-output>
          </reporter-output>
        </test-method> <!-- forgot_password03 -->
        <test-method status="SKIP" signature="killapk(org.testng.ITestResult)[pri:0, instance:com.qhl.testcases.ForgotPasswordTest@56aac163]" name="killapk" is-config="true" duration-ms="0" started-at="2021-05-19T10:20:11Z" finished-at="2021-05-19T10:20:11Z">
          <reporter-output>
          </reporter-output>
        </test-method> <!-- killapk -->
        <test-method status="SKIP" signature="forgot_password04()[pri:4, instance:com.qhl.testcases.ForgotPasswordTest@56aac163]" name="forgot_password04" duration-ms="0" started-at="2021-05-19T10:20:17Z" finished-at="2021-05-19T10:20:17Z">
          <exception class="java.lang.NullPointerException">
            <full-stacktrace>
              <![CDATA[java.lang.NullPointerException
at com.qhl.base.Apputil.am(Apputil.java:183)
at com.qhl.testcases.ForgotPasswordTest.killapk(ForgotPasswordTest.java:38)
at sun.reflect.NativeMethodAccessorImpl.invoke0(Native Method)
at sun.reflect.NativeMethodAccessorImpl.invoke(Unknown Source)
at sun.reflect.DelegatingMethodAccessorImpl.invoke(Unknown Source)
at java.lang.reflect.Method.invoke(Unknown Source)
at org.testng.internal.MethodInvocationHelper.invokeMethod(MethodInvocationHelper.java:124)
at org.testng.internal.MethodInvocationHelper.invokeMethodConsideringTimeout(MethodInvocationHelper.java:59)
at org.testng.internal.Invoker.invokeConfigurationMethod(Invoker.java:458)
at org.testng.internal.Invoker.invokeConfigurations(Invoker.java:222)
at org.testng.internal.Invoker.invokeMethod(Invoker.java:646)
at org.testng.internal.Invoker.invokeTestMethod(Invoker.java:719)
at org.testng.internal.Invoker.invokeTestMethods(Invoker.java:989)
at org.testng.internal.TestMethodWorker.invokeTestMethods(TestMethodWorker.java:125)
at org.testng.internal.TestMethodWorker.run(TestMethodWorker.java:109)
at org.testng.TestRunner.privateRun(TestRunner.java:648)
at org.testng.TestRunner.run(TestRunner.java:505)
at org.testng.SuiteRunner.runTest(SuiteRunner.java:455)
at org.testng.SuiteRunner.access$000(SuiteRunner.java:40)
at org.testng.SuiteRunner$SuiteWorker.run(SuiteRunner.java:489)
at org.testng.internal.thread.ThreadUtil$1.call(ThreadUtil.java:52)
at java.util.concurrent.FutureTask.run(Unknown Source)
at java.util.concurrent.ThreadPoolExecutor.runWorker(Unknown Source)
at java.util.concurrent.ThreadPoolExecutor$Worker.run(Unknown Source)
at java.lang.Thread.run(Unknown Source)
]]>
            </full-stacktrace>
          </exception> <!-- java.lang.NullPointerException -->
          <reporter-output>
          </reporter-output>
        </test-method> <!-- forgot_password04 -->
        <test-method status="SKIP" signature="killapk(org.testng.ITestResult)[pri:0, instance:com.qhl.testcases.ForgotPasswordTest@56aac163]" name="killapk" is-config="true" duration-ms="0" started-at="2021-05-19T10:20:17Z" finished-at="2021-05-19T10:20:17Z">
          <reporter-output>
          </reporter-output>
        </test-method> <!-- killapk -->
      </class> <!-- com.qhl.testcases.ForgotPasswordTest -->
      <class name="com.qhl.testcases.AppLogin">
        <test-method status="PASS" signature="report_setup()[pri:0, instance:com.qhl.testcases.AppLogin@184f6be2]" name="report_setup" is-config="true" duration-ms="425" started-at="2021-05-19T10:19:11Z" finished-at="2021-05-19T10:19:11Z">
          <reporter-output>
          </reporter-output>
        </test-method> <!-- report_setup -->
        <test-method status="PASS" signature="setup()[pri:0, instance:com.qhl.testcases.AppLogin@184f6be2]" name="setup" is-config="true" duration-ms="25212" started-at="2021-05-19T10:19:11Z" finished-at="2021-05-19T10:19:36Z">
          <reporter-output>
          </reporter-output>
        </test-method> <!-- setup -->
        <test-method status="FAIL" signature="login01()[pri:1, instance:com.qhl.testcases.AppLogin@184f6be2]" name="login01" duration-ms="1914" started-at="2021-05-19T10:19:37Z" finished-at="2021-05-19T10:19:39Z">
          <exception class="org.openqa.selenium.StaleElementReferenceException">
            <message>
              <![CDATA[androidx.test.uiautomator.StaleObjectException
For documentation on this error, please visit: https://www.seleniumhq.org/exceptions/stale_element_reference.html
Build info: version: '3.141.59', revision: 'e82be7d358', time: '2018-11-14T08:25:53'
System info: host: 'LAPTOP-D3528CHI', ip: '192.168.43.96', os.name: 'Windows 8.1', os.arch: 'amd64', os.version: '6.3', java.version: '1.8.0_45'
Driver info: io.appium.java_client.android.AndroidDriver
Capabilities {appActivity: com.quickhandslogistics.vie..., appPackage: com.quickhandslogistics, automationName: Appium, databaseEnabled: false, desired: {appActivity: com.quickhandslogistics.vie..., appPackage: com.quickhandslogistics, automationName: Appium, deviceName: Android Emulator, newCommandTimeout: 60, platformName: android, platformVersion: 10.0}, deviceApiLevel: 29, deviceManufacturer: Google, deviceModel: Android SDK built for x86, deviceName: emulator-5554, deviceScreenDensity: 480, deviceScreenSize: 1440x3200, deviceUDID: emulator-5554, javascriptEnabled: true, locationContextEnabled: false, networkConnectionEnabled: true, newCommandTimeout: 60, pixelRatio: 3, platform: LINUX, platformName: Android, platformVersion: 10, statBarHeight: 72, takesScreenshot: true, viewportRect: {height: 2984, left: 0, top: 72, width: 1440}, warnings: {}, webStorageEnabled: false}
Session ID: 6b8cc662-2a86-4565-9f63-386cafe77250]]>
            </message>
            <full-stacktrace>
              <![CDATA[org.openqa.selenium.StaleElementReferenceException: androidx.test.uiautomator.StaleObjectException
For documentation on this error, please visit: https://www.seleniumhq.org/exceptions/stale_element_reference.html
Build info: version: '3.141.59', revision: 'e82be7d358', time: '2018-11-14T08:25:53'
System info: host: 'LAPTOP-D3528CHI', ip: '192.168.43.96', os.name: 'Windows 8.1', os.arch: 'amd64', os.version: '6.3', java.version: '1.8.0_45'
Driver info: io.appium.java_client.android.AndroidDriver
Capabilities {appActivity: com.quickhandslogistics.vie..., appPackage: com.quickhandslogistics, automationName: Appium, databaseEnabled: false, desired: {appActivity: com.quickhandslogistics.vie..., appPackage: com.quickhandslogistics, automationName: Appium, deviceName: Android Emulator, newCommandTimeout: 60, platformName: android, platformVersion: 10.0}, deviceApiLevel: 29, deviceManufacturer: Google, deviceModel: Android SDK built for x86, deviceName: emulator-5554, deviceScreenDensity: 480, deviceScreenSize: 1440x3200, deviceUDID: emulator-5554, javascriptEnabled: true, locationContextEnabled: false, networkConnectionEnabled: true, newCommandTimeout: 60, pixelRatio: 3, platform: LINUX, platformName: Android, platformVersion: 10, statBarHeight: 72, takesScreenshot: true, viewportRect: {height: 2984, left: 0, top: 72, width: 1440}, warnings: {}, webStorageEnabled: false}
Session ID: 6b8cc662-2a86-4565-9f63-386cafe77250
at sun.reflect.NativeConstructorAccessorImpl.newInstance0(Native Method)
at sun.reflect.NativeConstructorAccessorImpl.newInstance(Unknown Source)
at sun.reflect.DelegatingConstructorAccessorImpl.newInstance(Unknown Source)
at java.lang.reflect.Constructor.newInstance(Unknown Source)
at org.openqa.selenium.remote.http.W3CHttpResponseCodec.createException(W3CHttpResponseCodec.java:187)
at org.openqa.selenium.remote.http.W3CHttpResponseCodec.decode(W3CHttpResponseCodec.java:122)
at org.openqa.selenium.remote.http.W3CHttpResponseCodec.decode(W3CHttpResponseCodec.java:49)
at org.openqa.selenium.remote.HttpCommandExecutor.execute(HttpCommandExecutor.java:158)
at io.appium.java_client.remote.AppiumCommandExecutor.execute(AppiumCommandExecutor.java:239)
at org.openqa.selenium.remote.RemoteWebDriver.execute(RemoteWebDriver.java:552)
at io.appium.java_client.DefaultGenericMobileDriver.execute(DefaultGenericMobileDriver.java:41)
at io.appium.java_client.AppiumDriver.execute(AppiumDriver.java:1)
at io.appium.java_client.android.AndroidDriver.execute(AndroidDriver.java:1)
at org.openqa.selenium.remote.RemoteWebElement.execute(RemoteWebElement.java:285)
at io.appium.java_client.DefaultGenericMobileElement.execute(DefaultGenericMobileElement.java:45)
at io.appium.java_client.MobileElement.execute(MobileElement.java:1)
at io.appium.java_client.android.AndroidElement.execute(AndroidElement.java:1)
at org.openqa.selenium.remote.RemoteWebElement.isDisplayed(RemoteWebElement.java:326)
at sun.reflect.NativeMethodAccessorImpl.invoke0(Native Method)
at sun.reflect.NativeMethodAccessorImpl.invoke(Unknown Source)
at sun.reflect.DelegatingMethodAccessorImpl.invoke(Unknown Source)
at java.lang.reflect.Method.invoke(Unknown Source)
at org.openqa.selenium.support.pagefactory.internal.LocatingElementHandler.invoke(LocatingElementHandler.java:51)
at com.sun.proxy.$Proxy10.isDisplayed(Unknown Source)
at com.qhl.testcases.AppLogin.login01(AppLogin.java:40)
at sun.reflect.NativeMethodAccessorImpl.invoke0(Native Method)
at sun.reflect.NativeMethodAccessorImpl.invoke(Unknown Source)
at sun.reflect.DelegatingMethodAccessorImpl.invoke(Unknown Source)
at java.lang.reflect.Method.invoke(Unknown Source)
at org.testng.internal.MethodInvocationHelper.invokeMethod(MethodInvocationHelper.java:124)
at org.testng.internal.Invoker.invokeMethod(Invoker.java:583)
at org.testng.internal.Invoker.invokeTestMethod(Invoker.java:719)
at org.testng.internal.Invoker.invokeTestMethods(Invoker.java:989)
at org.testng.internal.TestMethodWorker.invokeTestMethods(TestMethodWorker.java:125)
at org.testng.internal.TestMethodWorker.run(TestMethodWorker.java:109)
at org.testng.TestRunner.privateRun(TestRunner.java:648)
at org.testng.TestRunner.run(TestRunner.java:505)
at org.testng.SuiteRunner.runTest(SuiteRunner.java:455)
at org.testng.SuiteRunner.access$000(SuiteRunner.java:40)
at org.testng.SuiteRunner$SuiteWorker.run(SuiteRunner.java:489)
at org.testng.internal.thread.ThreadUtil$1.call(ThreadUtil.java:52)
at java.util.concurrent.FutureTask.run(Unknown Source)
at java.util.concurrent.ThreadPoolExecutor.runWorker(Unknown Source)
at java.util.concurrent.ThreadPoolExecutor$Worker.run(Unknown Source)
at java.lang.Thread.run(Unknown Source)
]]>
            </full-stacktrace>
          </exception> <!-- org.openqa.selenium.StaleElementReferenceException -->
          <reporter-output>
          </reporter-output>
        </test-method> <!-- login01 -->
        <test-method status="PASS" signature="killapk(org.testng.ITestResult)[pri:0, instance:com.qhl.testcases.AppLogin@184f6be2]" name="killapk" is-config="true" duration-ms="2238" started-at="2021-05-19T10:19:39Z" finished-at="2021-05-19T10:19:41Z">
          <params>
            <param index="0">
              <value>
                <![CDATA[[TestResult name=login01 status=FAILURE method=AppLogin.login01()[pri:1, instance:com.qhl.testcases.AppLogin@184f6be2] output={null}]]]>
              </value>
            </param>
          </params>
          <reporter-output>
          </reporter-output>
        </test-method> <!-- killapk -->
        <test-method status="PASS" signature="login02()[pri:2, instance:com.qhl.testcases.AppLogin@184f6be2]" name="login02" duration-ms="187" started-at="2021-05-19T10:20:11Z" finished-at="2021-05-19T10:20:11Z">
          <reporter-output>
          </reporter-output>
        </test-method> <!-- login02 -->
        <test-method status="PASS" signature="killapk(org.testng.ITestResult)[pri:0, instance:com.qhl.testcases.AppLogin@184f6be2]" name="killapk" is-config="true" duration-ms="100" started-at="2021-05-19T10:20:11Z" finished-at="2021-05-19T10:20:11Z">
          <params>
            <param index="0">
              <value>
                <![CDATA[[TestResult name=login02 status=SUCCESS method=AppLogin.login02()[pri:2, instance:com.qhl.testcases.AppLogin@184f6be2] output={null}]]]>
              </value>
            </param>
          </params>
          <reporter-output>
          </reporter-output>
        </test-method> <!-- killapk -->
        <test-method status="PASS" signature="login03()[pri:3, instance:com.qhl.testcases.AppLogin@184f6be2]" name="login03" duration-ms="83" started-at="2021-05-19T10:20:11Z" finished-at="2021-05-19T10:20:11Z">
          <reporter-output>
          </reporter-output>
        </test-method> <!-- login03 -->
        <test-method status="PASS" signature="killapk(org.testng.ITestResult)[pri:0, instance:com.qhl.testcases.AppLogin@184f6be2]" name="killapk" is-config="true" duration-ms="96" started-at="2021-05-19T10:20:11Z" finished-at="2021-05-19T10:20:11Z">
          <params>
            <param index="0">
              <value>
                <![CDATA[[TestResult name=login03 status=SUCCESS method=AppLogin.login03()[pri:3, instance:com.qhl.testcases.AppLogin@184f6be2] output={null}]]]>
              </value>
            </param>
          </params>
          <reporter-output>
          </reporter-output>
        </test-method> <!-- killapk -->
        <test-method status="PASS" signature="login04()[pri:4, instance:com.qhl.testcases.AppLogin@184f6be2]" name="login04" duration-ms="5406" started-at="2021-05-19T10:20:11Z" finished-at="2021-05-19T10:20:16Z">
          <reporter-output>
          </reporter-output>
        </test-method> <!-- login04 -->
        <test-method status="PASS" signature="killapk(org.testng.ITestResult)[pri:0, instance:com.qhl.testcases.AppLogin@184f6be2]" name="killapk" is-config="true" duration-ms="165" started-at="2021-05-19T10:20:16Z" finished-at="2021-05-19T10:20:17Z">
          <params>
            <param index="0">
              <value>
                <![CDATA[[TestResult name=login04 status=SUCCESS method=AppLogin.login04()[pri:4, instance:com.qhl.testcases.AppLogin@184f6be2] output={null}]]]>
              </value>
            </param>
          </params>
          <reporter-output>
          </reporter-output>
        </test-method> <!-- killapk -->
        <test-method status="PASS" signature="login05()[pri:5, instance:com.qhl.testcases.AppLogin@184f6be2]" name="login05" duration-ms="5292" started-at="2021-05-19T10:20:17Z" finished-at="2021-05-19T10:20:22Z">
          <reporter-output>
          </reporter-output>
        </test-method> <!-- login05 -->
        <test-method status="PASS" signature="killapk(org.testng.ITestResult)[pri:0, instance:com.qhl.testcases.AppLogin@184f6be2]" name="killapk" is-config="true" duration-ms="159" started-at="2021-05-19T10:20:22Z" finished-at="2021-05-19T10:20:22Z">
          <params>
            <param index="0">
              <value>
                <![CDATA[[TestResult name=login05 status=SUCCESS method=AppLogin.login05()[pri:5, instance:com.qhl.testcases.AppLogin@184f6be2] output={null}]]]>
              </value>
            </param>
          </params>
          <reporter-output>
          </reporter-output>
        </test-method> <!-- killapk -->
        <test-method status="FAIL" signature="login06()[pri:6, instance:com.qhl.testcases.AppLogin@184f6be2]" name="login06" duration-ms="3936" started-at="2021-05-19T10:20:22Z" finished-at="2021-05-19T10:20:26Z">
          <exception class="org.openqa.selenium.NoSuchElementException">
            <message>
              <![CDATA[An element could not be located on the page using the given search parameters.
For documentation on this error, please visit: https://www.seleniumhq.org/exceptions/no_such_element.html
Build info: version: '3.141.59', revision: 'e82be7d358', time: '2018-11-14T08:25:53'
System info: host: 'LAPTOP-D3528CHI', ip: '192.168.43.96', os.name: 'Windows 8.1', os.arch: 'amd64', os.version: '6.3', java.version: '1.8.0_45'
Driver info: io.appium.java_client.android.AndroidDriver
Capabilities {appActivity: com.quickhandslogistics.vie..., appPackage: com.quickhandslogistics, automationName: Appium, databaseEnabled: false, desired: {appActivity: com.quickhandslogistics.vie..., appPackage: com.quickhandslogistics, automationName: Appium, deviceName: Android Emulator, newCommandTimeout: 60, platformName: android, platformVersion: 10.0}, deviceApiLevel: 29, deviceManufacturer: Google, deviceModel: Android SDK built for x86, deviceName: emulator-5554, deviceScreenDensity: 480, deviceScreenSize: 1440x3200, deviceUDID: emulator-5554, javascriptEnabled: true, locationContextEnabled: false, networkConnectionEnabled: true, newCommandTimeout: 60, pixelRatio: 3, platform: LINUX, platformName: Android, platformVersion: 10, statBarHeight: 72, takesScreenshot: true, viewportRect: {height: 2984, left: 0, top: 72, width: 1440}, warnings: {}, webStorageEnabled: false}
Session ID: 6b8cc662-2a86-4565-9f63-386cafe77250
*** Element info: {Using=xpath, value=//android.widget.TextView[@bounds='[36,2915][1404,3056]']}]]>
            </message>
            <full-stacktrace>
              <![CDATA[org.openqa.selenium.NoSuchElementException: An element could not be located on the page using the given search parameters.
For documentation on this error, please visit: https://www.seleniumhq.org/exceptions/no_such_element.html
Build info: version: '3.141.59', revision: 'e82be7d358', time: '2018-11-14T08:25:53'
System info: host: 'LAPTOP-D3528CHI', ip: '192.168.43.96', os.name: 'Windows 8.1', os.arch: 'amd64', os.version: '6.3', java.version: '1.8.0_45'
Driver info: io.appium.java_client.android.AndroidDriver
Capabilities {appActivity: com.quickhandslogistics.vie..., appPackage: com.quickhandslogistics, automationName: Appium, databaseEnabled: false, desired: {appActivity: com.quickhandslogistics.vie..., appPackage: com.quickhandslogistics, automationName: Appium, deviceName: Android Emulator, newCommandTimeout: 60, platformName: android, platformVersion: 10.0}, deviceApiLevel: 29, deviceManufacturer: Google, deviceModel: Android SDK built for x86, deviceName: emulator-5554, deviceScreenDensity: 480, deviceScreenSize: 1440x3200, deviceUDID: emulator-5554, javascriptEnabled: true, locationContextEnabled: false, networkConnectionEnabled: true, newCommandTimeout: 60, pixelRatio: 3, platform: LINUX, platformName: Android, platformVersion: 10, statBarHeight: 72, takesScreenshot: true, viewportRect: {height: 2984, left: 0, top: 72, width: 1440}, warnings: {}, webStorageEnabled: false}
Session ID: 6b8cc662-2a86-4565-9f63-386cafe77250
*** Element info: {Using=xpath, value=//android.widget.TextView[@bounds='[36,2915][1404,3056]']}
at sun.reflect.NativeConstructorAccessorImpl.newInstance0(Native Method)
at sun.reflect.NativeConstructorAccessorImpl.newInstance(Unknown Source)
at sun.reflect.DelegatingConstructorAccessorImpl.newInstance(Unknown Source)
at java.lang.reflect.Constructor.newInstance(Unknown Source)
at org.openqa.selenium.remote.http.W3CHttpResponseCodec.createException(W3CHttpResponseCodec.java:187)
at org.openqa.selenium.remote.http.W3CHttpResponseCodec.decode(W3CHttpResponseCodec.java:122)
at org.openqa.selenium.remote.http.W3CHttpResponseCodec.decode(W3CHttpResponseCodec.java:49)
at org.openqa.selenium.remote.HttpCommandExecutor.execute(HttpCommandExecutor.java:158)
at io.appium.java_client.remote.AppiumCommandExecutor.execute(AppiumCommandExecutor.java:239)
at org.openqa.selenium.remote.RemoteWebDriver.execute(RemoteWebDriver.java:552)
at io.appium.java_client.DefaultGenericMobileDriver.execute(DefaultGenericMobileDriver.java:41)
at io.appium.java_client.AppiumDriver.execute(AppiumDriver.java:1)
at io.appium.java_client.android.AndroidDriver.execute(AndroidDriver.java:1)
at org.openqa.selenium.remote.RemoteWebDriver.findElement(RemoteWebDriver.java:323)
at io.appium.java_client.DefaultGenericMobileDriver.findElement(DefaultGenericMobileDriver.java:61)
at io.appium.java_client.AppiumDriver.findElement(AppiumDriver.java:1)
at io.appium.java_client.android.AndroidDriver.findElement(AndroidDriver.java:1)
at org.openqa.selenium.remote.RemoteWebDriver.findElementByXPath(RemoteWebDriver.java:428)
at io.appium.java_client.DefaultGenericMobileDriver.findElementByXPath(DefaultGenericMobileDriver.java:151)
at io.appium.java_client.AppiumDriver.findElementByXPath(AppiumDriver.java:1)
at io.appium.java_client.android.AndroidDriver.findElementByXPath(AndroidDriver.java:1)
at org.openqa.selenium.By$ByXPath.findElement(By.java:353)
at org.openqa.selenium.remote.RemoteWebDriver.findElement(RemoteWebDriver.java:315)
at io.appium.java_client.DefaultGenericMobileDriver.findElement(DefaultGenericMobileDriver.java:57)
at io.appium.java_client.AppiumDriver.findElement(AppiumDriver.java:1)
at io.appium.java_client.android.AndroidDriver.findElement(AndroidDriver.java:1)
at org.openqa.selenium.support.pagefactory.DefaultElementLocator.findElement(DefaultElementLocator.java:69)
at org.openqa.selenium.support.pagefactory.internal.LocatingElementHandler.invoke(LocatingElementHandler.java:38)
at com.sun.proxy.$Proxy10.getText(Unknown Source)
at com.qhl.testcases.AppLogin.login06(AppLogin.java:113)
at sun.reflect.NativeMethodAccessorImpl.invoke0(Native Method)
at sun.reflect.NativeMethodAccessorImpl.invoke(Unknown Source)
at sun.reflect.DelegatingMethodAccessorImpl.invoke(Unknown Source)
at java.lang.reflect.Method.invoke(Unknown Source)
at org.testng.internal.MethodInvocationHelper.invokeMethod(MethodInvocationHelper.java:124)
at org.testng.internal.Invoker.invokeMethod(Invoker.java:583)
at org.testng.internal.Invoker.invokeTestMethod(Invoker.java:719)
at org.testng.internal.Invoker.invokeTestMethods(Invoker.java:989)
at org.testng.internal.TestMethodWorker.invokeTestMethods(TestMethodWorker.java:125)
at org.testng.internal.TestMethodWorker.run(TestMethodWorker.java:109)
at org.testng.TestRunner.privateRun(TestRunner.java:648)
at org.testng.TestRunner.run(TestRunner.java:505)
at org.testng.SuiteRunner.runTest(SuiteRunner.java:455)
at org.testng.SuiteRunner.access$000(SuiteRunner.java:40)
at org.testng.SuiteRunner$SuiteWorker.run(SuiteRunner.java:489)
at org.testng.internal.thread.ThreadUtil$1.call(ThreadUtil.java:52)
at java.util.concurrent.FutureTask.run(Unknown Source)
at java.util.concurrent.ThreadPoolExecutor.runWorker(Unknown Source)
at java.util.concurrent.ThreadPoolExecutor$Worker.run(Unknown Source)
at java.lang.Thread.run(Unknown Source)
]]>
            </full-stacktrace>
          </exception> <!-- org.openqa.selenium.NoSuchElementException -->
          <reporter-output>
          </reporter-output>
        </test-method> <!-- login06 -->
        <test-method status="PASS" signature="killapk(org.testng.ITestResult)[pri:0, instance:com.qhl.testcases.AppLogin@184f6be2]" name="killapk" is-config="true" duration-ms="1362" started-at="2021-05-19T10:20:26Z" finished-at="2021-05-19T10:20:27Z">
          <params>
            <param index="0">
              <value>
                <![CDATA[[TestResult name=login06 status=FAILURE method=AppLogin.login06()[pri:6, instance:com.qhl.testcases.AppLogin@184f6be2] output={null}]]]>
              </value>
            </param>
          </params>
          <reporter-output>
          </reporter-output>
        </test-method> <!-- killapk -->
        <test-method status="PASS" signature="login07()[pri:7, instance:com.qhl.testcases.AppLogin@184f6be2]" name="login07" duration-ms="14275" started-at="2021-05-19T10:20:27Z" finished-at="2021-05-19T10:20:42Z">
          <reporter-output>
          </reporter-output>
        </test-method> <!-- login07 -->
        <test-method status="PASS" signature="killapk(org.testng.ITestResult)[pri:0, instance:com.qhl.testcases.AppLogin@184f6be2]" name="killapk" is-config="true" duration-ms="83" started-at="2021-05-19T10:20:42Z" finished-at="2021-05-19T10:20:42Z">
          <params>
            <param index="0">
              <value>
                <![CDATA[[TestResult name=login07 status=SUCCESS method=AppLogin.login07()[pri:7, instance:com.qhl.testcases.AppLogin@184f6be2] output={null}]]]>
              </value>
            </param>
          </params>
          <reporter-output>
          </reporter-output>
        </test-method> <!-- killapk -->
      </class> <!-- com.qhl.testcases.AppLogin -->
    </test> <!-- All Test -->
  </suite> <!-- QHL App Test suite -->
</testng-results>
